0 info it worked if it ends with ok
1 verbose cli [ 'node',
1 verbose cli   '/usr/local/bin/npm',
1 verbose cli   'install',
1 verbose cli   'https://github.com/43081j/pixelate.git' ]
2 info using npm@3.6.0
3 info using node@v0.12.2
4 silly loadCurrentTree Starting
5 silly install loadCurrentTree
6 silly install readLocalPackageData
7 silly fetchPackageMetaData https://github.com/43081j/pixelate.git
8 silly fetchOtherPackageData https://github.com/43081j/pixelate.git
9 silly cache add args [ 'https://github.com/43081j/pixelate.git', null ]
10 verbose cache add spec https://github.com/43081j/pixelate.git
11 silly cache add parsed spec { raw: 'https://github.com/43081j/pixelate.git',
11 silly cache add   scope: null,
11 silly cache add   name: null,
11 silly cache add   rawSpec: 'https://github.com/43081j/pixelate.git',
11 silly cache add   spec: 'git+https://github.com/43081j/pixelate.git',
11 silly cache add   type: 'hosted',
11 silly cache add   hosted:
11 silly cache add    { type: 'github',
11 silly cache add      ssh: 'git@github.com:43081j/pixelate.git',
11 silly cache add      sshUrl: 'git+ssh://git@github.com/43081j/pixelate.git',
11 silly cache add      httpsUrl: 'git+https://github.com/43081j/pixelate.git',
11 silly cache add      gitUrl: 'git://github.com/43081j/pixelate.git',
11 silly cache add      shortcut: 'github:43081j/pixelate',
11 silly cache add      directUrl: 'https://raw.githubusercontent.com/43081j/pixelate/master/package.json' } }
12 verbose addRemoteGit caching https://github.com/43081j/pixelate.git
13 verbose addRemoteGit git+https://github.com/43081j/pixelate.git is a repository hosted by github
14 silly tryClone cloning git+https://github.com/43081j/pixelate.git via git+https://github.com/43081j/pixelate.git
15 verbose tryClone git-https-github-com-43081j-pixelate-git-0accf8ee not in flight; caching
16 verbose correctMkdir /Users/anna/.npm/_git-remotes correctMkdir not in flight; initializing
17 info git [ 'clone',
17 info git   '--template=/Users/anna/.npm/_git-remotes/_templates',
17 info git   '--mirror',
17 info git   'https://github.com/43081j/pixelate.git',
17 info git   '/Users/anna/.npm/_git-remotes/git-https-github-com-43081j-pixelate-git-0accf8ee' ]
18 error git clone --template=/Users/anna/.npm/_git-remotes/_templates --mirror https://github.com/43081j/pixelate.git /Users/anna/.npm/_git-remotes/git-https-github-com-43081j-pixelate-git-0accf8ee: Cloning into bare repository '/Users/anna/.npm/_git-remotes/git-https-github-com-43081j-pixelate-git-0accf8ee'...
18 error git clone --template=/Users/anna/.npm/_git-remotes/_templates --mirror https://github.com/43081j/pixelate.git /Users/anna/.npm/_git-remotes/git-https-github-com-43081j-pixelate-git-0accf8ee:
18 error git clone --template=/Users/anna/.npm/_git-remotes/_templates --mirror https://github.com/43081j/pixelate.git /Users/anna/.npm/_git-remotes/git-https-github-com-43081j-pixelate-git-0accf8ee: fatal: Authentication failed
19 silly fetchPackageMetaData Error: Command failed: git clone --template=/Users/anna/.npm/_git-remotes/_templates --mirror https://github.com/43081j/pixelate.git /Users/anna/.npm/_git-remotes/git-https-github-com-43081j-pixelate-git-0accf8ee
19 silly fetchPackageMetaData fatal: Authentication failed
19 silly fetchPackageMetaData
19 silly fetchPackageMetaData     at ChildProcess.exithandler (child_process.js:751:12)
19 silly fetchPackageMetaData     at ChildProcess.emit (events.js:110:17)
19 silly fetchPackageMetaData     at maybeClose (child_process.js:1015:16)
19 silly fetchPackageMetaData     at Socket.<anonymous> (child_process.js:1183:11)
19 silly fetchPackageMetaData     at Socket.emit (events.js:107:17)
19 silly fetchPackageMetaData     at Pipe.close (net.js:485:12)
19 silly fetchPackageMetaData  error for https://github.com/43081j/pixelate.git { [Error: Command failed: git clone --template=/Users/anna/.npm/_git-remotes/_templates --mirror https://github.com/43081j/pixelate.git /Users/anna/.npm/_git-remotes/git-https-github-com-43081j-pixelate-git-0accf8ee
19 silly fetchPackageMetaData fatal: Authentication failed
19 silly fetchPackageMetaData ]
19 silly fetchPackageMetaData   killed: false,
19 silly fetchPackageMetaData   code: 128,
19 silly fetchPackageMetaData   signal: null,
19 silly fetchPackageMetaData   cmd: 'git clone --template=/Users/anna/.npm/_git-remotes/_templates --mirror https://github.com/43081j/pixelate.git /Users/anna/.npm/_git-remotes/git-https-github-com-43081j-pixelate-git-0accf8ee' }
20 silly rollbackFailedOptional Starting
21 silly rollbackFailedOptional Finishing
22 silly runTopLevelLifecycles Starting
23 silly runTopLevelLifecycles Finishing
24 silly install printInstalled
25 verbose stack Error: Command failed: git clone --template=/Users/anna/.npm/_git-remotes/_templates --mirror https://github.com/43081j/pixelate.git /Users/anna/.npm/_git-remotes/git-https-github-com-43081j-pixelate-git-0accf8ee
25 verbose stack fatal: Authentication failed
25 verbose stack
25 verbose stack     at ChildProcess.exithandler (child_process.js:751:12)
25 verbose stack     at ChildProcess.emit (events.js:110:17)
25 verbose stack     at maybeClose (child_process.js:1015:16)
25 verbose stack     at Socket.<anonymous> (child_process.js:1183:11)
25 verbose stack     at Socket.emit (events.js:107:17)
25 verbose stack     at Pipe.close (net.js:485:12)
26 verbose cwd /Users/anna/Workspace/pixelizer
27 error Darwin 15.5.0
28 error argv "node" "/usr/local/bin/npm" "install" "https://github.com/43081j/pixelate.git"
29 error node v0.12.2
30 error npm  v3.6.0
31 error code 128
32 error Command failed: git clone --template=/Users/anna/.npm/_git-remotes/_templates --mirror https://github.com/43081j/pixelate.git /Users/anna/.npm/_git-remotes/git-https-github-com-43081j-pixelate-git-0accf8ee
32 error fatal: Authentication failed
33 error If you need help, you may report this error at:
33 error     <https://github.com/npm/npm/issues>
34 verbose exit [ 1, true ]
